<?xml version="1.0" encoding="UTF-8"?>
<!-- Generated by org.testng.reporters.JUnitReportReporter -->
<testsuite skipped="0" hostname="DESKTOP-7H8BUQL" name="com.VTiger.Invoice.TC10AddMoreProductSinItemDetailsTest" tests="1" failures="0" timestamp="2020-12-05T15:55:15 IST" time="23.044" errors="0">
  <testcase name="addMoreProducts" time="23.044" classname="com.VTiger.Invoice.TC10AddMoreProductSinItemDetailsTest"/>
  <system-out>
addMoreProducts method Started HomePage 'Administrator - Home - vtiger CRM 5 - Commercial Open Source CRM' is verified Successfully  InvoicePage 'Administrator - Invoice - vtiger CRM 5 - Commercial Open Source CRM' is verified Successfully  CreateInvoicePage 'Creating New Invoice' is verified Successfully  New Products details fields display ProductsPopUpWindowPage 'Products' is verified Successfully  selectedProduct 'abcd1234' is verified Successfully  LogoutPage 'vtiger CRM 5 - Commercial Open Source CRM' is verified Successfully  addMoreProducts method success  </system-out>
</testsuite> <!-- com.VTiger.Invoice.TC10AddMoreProductSinItemDetailsTest -->
