<?xml version="1.0" encoding="UTF-8"?>
<!-- Generated by org.testng.reporters.JUnitReportReporter -->
<testsuite skipped="0" hostname="DESKTOP-7H8BUQL" name="com.VTiger.Invoice.TC12SaveTheNewInvoiceDetailsTest" tests="1" failures="0" timestamp="2020-12-05T15:38:28 IST" time="35.806" errors="0">
  <testcase name="saveNewInvoiceDetails" time="35.806" classname="com.VTiger.Invoice.TC12SaveTheNewInvoiceDetailsTest"/>
  <system-out>
saveNewInvoiceDetails method Started HomePage 'Administrator - Home - vtiger CRM 5 - Commercial Open Source CRM' is verified Successfully  InvoicePage 'Administrator - Invoice - vtiger CRM 5 - Commercial Open Source CRM' is verified Successfully  CreateInvoicePage 'Creating New Invoice' is verified Successfully  Organizations page successfully displayed  selectedOrganizationName 'Hp' is verified Successfully  copiedText 'Qspider old airport ,Bangalore"' is verified Successfully  ProductsPopUpWindowPage 'Products' is verified Successfully  selectedProduct 'abcd1234' is verified Successfully  InvoicePage 'Administrator - Invoice - vtiger CRM 5 - Commercial Open Source CRM' is verified Successfully  InvoiceCreated 'spare parts' is verified Successfully  LogoutPage 'vtiger CRM 5 - Commercial Open Source CRM' is verified Successfully  saveNewInvoiceDetails method success  </system-out>
</testsuite> <!-- com.VTiger.Invoice.TC12SaveTheNewInvoiceDetailsTest -->
